<?xml version="1.0" encoding="UTF-8"?>
<testsuite name="com.aor.numbers.ListFilterTest" tests="2" skipped="0" failures="0" errors="0" timestamp="2022-10-21T15:04:24" hostname="LAPTOP-9IBJDJBI" time="0.005">
  <properties/>
  <testcase name="DivisibleByFilterTest()" classname="com.aor.numbers.ListFilterTest" time="0.003"/>
  <testcase name="PositiveFilterTest()" classname="com.aor.numbers.ListFilterTest" time="0.002"/>
  <system-out><![CDATA[]]></system-out>
  <system-err><![CDATA[]]></system-err>
</testsuite>
